2024-12-26 16:00:09 [info]: Server running on port 5000....
2024-12-26 16:00:42 [info]: Server running on port 5000....
2024-12-26 16:00:45 [info]: Server running on port 5000....
2024-12-26 16:00:48 [info]: Server running on port 5000....
2024-12-26 16:00:54 [info]: Server running on port 5000....
2024-12-26 16:01:11 [info]: Server running on port 5000....
2024-12-26 16:01:14 [info]: Server running on port 5000....
2024-12-26 16:01:15 [info]: connected to MongoDB
2024-12-26 16:01:16 [info]: Server running on port 5000....
2024-12-26 16:01:17 [info]: connected to MongoDB
2024-12-26 16:01:29 [info]: Server running on port 5000....
2024-12-26 16:01:29 [error]: Failed to connect
2024-12-26 16:01:34 [info]: Server running on port 5000....
2024-12-26 16:01:34 [info]: connected to MongoDB
2024-12-26 16:02:00 [info]: Server running on port 5000....
2024-12-26 16:02:01 [info]: connected to MongoDB
2024-12-26 16:02:03 [info]: Server running on port 5000....
2024-12-26 16:02:03 [info]: connected to MongoDB
2024-12-26 16:02:05 [info]: Server running on port 5000....
2024-12-26 16:02:06 [info]: connected to MongoDB
2024-12-26 16:02:14 [info]: Server running on port 5000....
2024-12-26 16:02:14 [info]: connected to MongoDB
2024-12-26 16:02:39 [info]: Server running on port 5000....
2024-12-26 16:02:40 [info]: connected to MongoDB
2024-12-26 16:02:41 [info]: Server running on port 5000....
2024-12-26 16:02:41 [info]: connected to MongoDB
2024-12-26 16:02:42 [info]: Server running on port 5000....
2024-12-26 16:02:43 [info]: connected to MongoDB
2024-12-26 16:02:46 [info]: Server running on port 5000....
2024-12-26 16:02:46 [info]: connected to MongoDB
2024-12-26 16:02:47 [info]: Server running on port 5000....
2024-12-26 16:02:48 [info]: connected to MongoDB
2024-12-26 16:02:51 [info]: Server running on port 5000....
2024-12-26 16:02:51 [info]: connected to MongoDB
2024-12-26 16:03:02 [info]: Server running on port 5000....
2024-12-26 16:03:02 [info]: connected to MongoDB
2024-12-26 16:03:03 [info]: Server running on port 5000....
2024-12-26 16:03:04 [info]: connected to MongoDB
2024-12-26 16:03:04 [info]: Server running on port 5000....
2024-12-26 16:03:05 [info]: connected to MongoDB
2024-12-26 16:03:39 [info]: Server running on port 5000....
2024-12-26 16:03:40 [info]: connected to MongoDB
2024-12-26 16:03:41 [info]: Server running on port 5000....
2024-12-26 16:03:42 [info]: connected to MongoDB
2024-12-26 16:03:43 [info]: Server running on port 5000....
2024-12-26 16:03:43 [info]: connected to MongoDB
2024-12-26 16:03:46 [info]: Server running on port 5000....
2024-12-26 16:03:47 [info]: connected to MongoDB
2024-12-26 16:03:49 [info]: Server running on port 5000....
2024-12-26 16:03:49 [info]: connected to MongoDB
2024-12-26 16:14:38 [info]: Server running on port 5000....
2024-12-26 16:14:39 [info]: connected to MongoDB
2024-12-26 16:14:46 [info]: Server running on port 5000....
2024-12-26 16:14:47 [info]: connected to MongoDB
2024-12-26 16:14:54 [info]: Server running on port 5000....
2024-12-26 16:14:54 [info]: connected to MongoDB
2024-12-26 16:15:00 [info]: Server running on port 5000....
2024-12-26 16:15:01 [info]: connected to MongoDB
2024-12-26 16:15:04 [info]: Server running on port 5000....
2024-12-26 16:15:04 [info]: connected to MongoDB
2024-12-26 16:15:10 [info]: Server running on port 5000....
2024-12-26 16:15:11 [info]: connected to MongoDB
2024-12-26 16:15:16 [info]: Server running on port 5000....
2024-12-26 16:15:17 [info]: connected to MongoDB
2024-12-26 16:15:20 [info]: Server running on port 5000....
2024-12-26 16:15:21 [info]: connected to MongoDB
2024-12-26 16:15:26 [info]: Server running on port 5000....
2024-12-26 16:15:27 [info]: connected to MongoDB
2024-12-26 16:15:29 [info]: Server running on port 5000....
2024-12-26 16:15:30 [info]: connected to MongoDB
2024-12-26 16:15:31 [info]: Server running on port 5000....
2024-12-26 16:15:31 [info]: connected to MongoDB
2024-12-26 16:15:37 [info]: Server running on port 5000....
2024-12-26 16:15:37 [info]: connected to MongoDB
2024-12-26 16:16:10 [info]: Server running on port 5000....
2024-12-26 16:16:11 [info]: connected to MongoDB
2024-12-26 16:16:52 [info]: Server running on port 5000....
2024-12-26 16:16:53 [info]: connected to MongoDB
2024-12-26 16:16:57 [info]: Server running on port 5000....
2024-12-26 16:16:58 [info]: connected to MongoDB
2024-12-26 16:16:59 [info]: Server running on port 5000....
2024-12-26 16:17:00 [info]: connected to MongoDB
2024-12-26 16:17:06 [info]: Server running on port 5000....
2024-12-26 16:17:07 [info]: connected to MongoDB
2024-12-26 16:17:12 [info]: Server running on port 5000....
2024-12-26 16:17:12 [info]: connected to MongoDB
2024-12-26 16:20:55 [info]: Server running on port 5000....
2024-12-26 16:20:56 [info]: connected to MongoDB
2024-12-26 16:21:20 [info]: Request Body:
2024-12-26 16:22:42 [info]: Server running on port 5000....
2024-12-26 16:22:45 [info]: connected to MongoDB
2024-12-26 16:22:46 [info]: Server running on port 5000....
2024-12-26 16:22:48 [info]: connected to MongoDB
2024-12-26 16:23:09 [info]: Server running on port 5000....
2024-12-26 16:23:10 [info]: connected to MongoDB
2024-12-26 16:23:10 [info]: Server running on port 5000....
2024-12-26 16:23:11 [info]: connected to MongoDB
2024-12-26 16:23:14 [info]: Server running on port 5000....
2024-12-26 16:23:14 [info]: connected to MongoDB
2024-12-26 16:23:30 [info]: Server running on port 5000....
2024-12-26 16:23:31 [info]: connected to MongoDB
2024-12-26 16:26:19 [info]: Server running on port 5000....
2024-12-26 16:26:20 [info]: connected to MongoDB
2024-12-26 16:26:21 [info]: Server running on port 5000....
2024-12-26 16:26:22 [info]: connected to MongoDB
2024-12-26 16:26:26 [info]: Request Body:
2024-12-26 16:27:17 [info]: Server running on port 5000....
2024-12-26 16:27:17 [info]: connected to MongoDB
2024-12-26 16:27:18 [info]: Server running on port 5000....
2024-12-26 16:27:19 [info]: connected to MongoDB
2024-12-26 16:27:21 [info]: Server running on port 5000....
2024-12-26 16:27:21 [info]: connected to MongoDB
2024-12-26 16:27:24 [info]: Request Body: {"title":"first blog","description":"first blog"}
2024-12-26 16:29:17 [info]: Server running on port 5000....
2024-12-26 16:29:18 [info]: Server running on port 5000....
2024-12-26 16:29:19 [info]: connected to MongoDB
2024-12-26 16:29:24 [info]: Server running on port 5000....
2024-12-26 16:29:25 [info]: connected to MongoDB
2024-12-26 16:29:26 [info]: Server running on port 5000....
2024-12-26 16:29:26 [info]: connected to MongoDB
2024-12-26 16:29:31 [info]: Server running on port 5000....
2024-12-26 16:29:31 [info]: connected to MongoDB
2024-12-26 16:29:57 [info]: Server running on port 5000....
2024-12-26 16:29:58 [info]: connected to MongoDB
2024-12-26 16:30:18 [info]: Server running on port 5000....
2024-12-26 16:30:18 [info]: connected to MongoDB
2024-12-26 16:30:19 [info]: Server running on port 5000....
2024-12-26 16:30:19 [info]: connected to MongoDB
2024-12-26 16:30:29 [info]: Server running on port 5000....
2024-12-26 16:30:29 [info]: connected to MongoDB
2024-12-26 16:30:35 [info]: Server running on port 5000....
2024-12-26 16:30:36 [info]: connected to MongoDB
2024-12-26 16:30:38 [info]: Server running on port 5000....
2024-12-26 16:30:38 [info]: connected to MongoDB
2024-12-26 16:30:41 [info]: Request Body: {"title":"first blog","description":"first blog"}
2024-12-26 16:31:14 [info]: Request Body: {}
2024-12-26 16:31:30 [info]: Server running on port 5000....
2024-12-26 16:31:30 [info]: connected to MongoDB
2024-12-26 16:31:31 [info]: Request Body: {}
2024-12-26 16:31:51 [info]: Request Body: {"title":"first blog","description":"first blog"}
2024-12-26 16:32:51 [info]: Server running on port 5000....
2024-12-26 16:32:52 [info]: Server running on port 5000....
2024-12-26 16:32:52 [info]: connected to MongoDB
2024-12-26 16:33:13 [info]: Server running on port 5000....
2024-12-26 16:33:13 [info]: connected to MongoDB
2024-12-26 16:33:20 [info]: Server running on port 5000....
2024-12-26 16:33:20 [info]: connected to MongoDB
2024-12-26 16:33:21 [info]: Server running on port 5000....
2024-12-26 16:33:22 [info]: connected to MongoDB
2024-12-26 16:33:40 [info]: Request Body: {}
2024-12-26 16:33:40 [info]: Response Body: undefined
2024-12-26 16:35:34 [info]: Server running on port 5000....
2024-12-26 16:35:35 [info]: connected to MongoDB
2024-12-26 16:35:46 [info]: Server running on port 5000....
2024-12-26 16:35:46 [info]: connected to MongoDB
2024-12-26 16:35:49 [info]: Request Body: {}
2024-12-26 16:36:16 [info]: Server running on port 5000....
2024-12-26 16:36:17 [info]: connected to MongoDB
2024-12-26 16:36:21 [info]: Request Body: {}
2024-12-26 16:36:21 [info]: Response Body: undefined
2024-12-26 16:36:31 [info]: Server running on port 5000....
2024-12-26 16:36:32 [info]: Request Body: {}
2024-12-26 16:36:32 [info]: connected to MongoDB
2024-12-26 16:36:37 [info]: Request Body: {}
2024-12-26 16:36:42 [info]: Server running on port 5000....
2024-12-26 16:36:43 [info]: connected to MongoDB
2024-12-26 16:37:48 [info]: Server running on port 5000....
2024-12-26 16:37:48 [info]: connected to MongoDB
2024-12-26 16:37:49 [info]: Server running on port 5000....
2024-12-26 16:37:50 [info]: connected to MongoDB
2024-12-26 16:37:58 [info]: Server running on port 5000....
2024-12-26 16:37:59 [info]: connected to MongoDB
2024-12-26 16:38:00 [info]: Server running on port 5000....
2024-12-26 16:38:00 [info]: connected to MongoDB
2024-12-26 16:38:09 [info]: Server running on port 5000....
2024-12-26 16:38:09 [info]: connected to MongoDB
2024-12-26 16:38:10 [info]: Server running on port 5000....
2024-12-26 16:38:11 [info]: connected to MongoDB
2024-12-26 16:38:25 [info]: Request Body: {}
2024-12-26 16:38:25 [info]: Response Body: undefined
2024-12-26 16:40:21 [info]: Server running on port 5000....
2024-12-26 16:40:22 [info]: connected to MongoDB
2024-12-26 16:40:25 [info]: Request Body: {}
2024-12-26 16:40:33 [info]: Server running on port 5000....
2024-12-26 16:40:33 [info]: connected to MongoDB
2024-12-26 16:43:59 [info]: Server running on port 5000....
2024-12-26 16:44:00 [info]: connected to MongoDB
2024-12-26 16:44:01 [info]: Request Body: {}
2024-12-26 16:44:08 [info]: Server running on port 5000....
2024-12-26 16:44:09 [info]: connected to MongoDB
2024-12-26 18:51:21 [info]: Request Body: {}
2024-12-26 18:51:21 [info]: Response Body: undefined
2024-12-26 18:54:24 [info]: Server running on port 5000....
2024-12-26 18:54:24 [info]: connected to MongoDB
2024-12-26 18:54:27 [info]: Server running on port 5000....
2024-12-26 18:54:27 [info]: connected to MongoDB
2024-12-26 18:54:28 [info]: Server running on port 5000....
2024-12-26 18:54:30 [info]: Server running on port 5000....
2024-12-26 18:54:30 [info]: connected to MongoDB
2024-12-26 18:54:34 [info]: Request Body: {}
2024-12-26 18:55:57 [info]: Server running on port 5000....
2024-12-26 18:55:59 [info]: connected to MongoDB
2024-12-26 18:56:02 [info]: Request Body: {}
2024-12-26 18:56:14 [info]: Server running on port 5000....
2024-12-26 18:56:15 [info]: connected to MongoDB
2024-12-26 18:56:19 [info]: Server running on port 5000....
2024-12-26 18:56:20 [info]: connected to MongoDB
2024-12-26 18:57:00 [info]: Request Body: {}
2024-12-26 18:57:00 [info]: Response Body: undefined
2024-12-26 18:57:48 [info]: Server running on port 5000....
2024-12-26 18:57:49 [info]: connected to MongoDB
2024-12-26 18:57:53 [info]: Request Body: {}
2024-12-26 19:01:23 [info]: Server running on port 5000....
2024-12-26 19:01:24 [info]: connected to MongoDB
2024-12-26 19:01:29 [info]: Request Body: {}
2024-12-26 19:02:24 [info]: Server running on port 5000....
2024-12-26 19:02:24 [info]: connected to MongoDB
2024-12-26 19:02:31 [info]: Server running on port 5000....
2024-12-26 19:02:31 [info]: connected to MongoDB
2024-12-26 19:02:39 [info]: Server running on port 5000....
2024-12-26 19:02:40 [info]: connected to MongoDB
2024-12-26 19:02:42 [info]: Server running on port 5000....
2024-12-26 19:02:42 [info]: connected to MongoDB
2024-12-26 19:02:46 [info]: Server running on port 5000....
2024-12-26 19:02:46 [info]: connected to MongoDB
2024-12-26 19:02:50 [info]: Request Body: {}
2024-12-26 19:03:14 [info]: Server running on port 5000....
2024-12-26 19:03:14 [info]: connected to MongoDB
2024-12-26 19:03:16 [info]: Server running on port 5000....
2024-12-26 19:03:17 [info]: connected to MongoDB
2024-12-26 19:03:20 [info]: Server running on port 5000....
2024-12-26 19:03:20 [info]: connected to MongoDB
2024-12-26 19:03:22 [info]: Server running on port 5000....
2024-12-26 19:03:22 [info]: connected to MongoDB
2024-12-26 19:03:25 [info]: Server running on port 5000....
2024-12-26 19:03:26 [info]: connected to MongoDB
2024-12-26 19:03:29 [info]: Request Body: {}
2024-12-26 19:03:41 [info]: Server running on port 5000....
2024-12-26 19:03:41 [info]: connected to MongoDB
2024-12-26 19:03:42 [info]: Request Body: {}
2024-12-26 19:03:55 [info]: Server running on port 5000....
2024-12-26 19:03:55 [info]: connected to MongoDB
2024-12-26 19:04:02 [info]: Server running on port 5000....
2024-12-26 19:04:03 [info]: connected to MongoDB
2024-12-26 19:04:08 [info]: Request Body: {}
2024-12-26 19:08:28 [info]: Server running on port 5000....
2024-12-26 19:08:30 [info]: connected to MongoDB
2024-12-26 19:08:49 [info]: Request Body: {}
2024-12-26 19:10:53 [info]: Server running on port 5000....
2024-12-26 19:10:54 [info]: connected to MongoDB
2024-12-26 19:11:05 [info]: Request Body: {}
2024-12-26 19:11:33 [info]: Server running on port 5000....
2024-12-26 19:11:33 [info]: Request Body: {}
2024-12-26 19:11:34 [info]: connected to MongoDB
2024-12-26 19:11:39 [info]: Request Body: {}
2024-12-26 19:11:50 [info]: Server running on port 5000....
2024-12-26 19:11:50 [info]: Request Body: {}
2024-12-26 19:11:51 [info]: connected to MongoDB
2024-12-26 19:12:16 [info]: Server running on port 5000....
2024-12-26 19:12:16 [info]: connected to MongoDB
2024-12-26 19:13:32 [info]: Server running on port 5000....
2024-12-26 19:13:33 [info]: connected to MongoDB
2024-12-26 19:13:52 [info]: Request Body: {}
2024-12-26 19:15:59 [info]: Request Body: {}
2024-12-26 19:16:18 [info]: Request Body: {}
2024-12-26 19:16:55 [info]: Server running on port 5000....
2024-12-26 19:16:56 [info]: Server running on port 5000....
2024-12-26 19:16:56 [info]: connected to MongoDB
2024-12-26 19:17:01 [info]: Server running on port 5000....
2024-12-26 19:17:02 [info]: connected to MongoDB
2024-12-26 19:17:07 [info]: Request Body: {}
2024-12-26 19:33:48 [info]: Server running on port 5000....
2024-12-26 19:33:48 [info]: connected to MongoDB
2024-12-26 19:33:58 [info]: Server running on port 5000....
2024-12-26 19:33:59 [info]: connected to MongoDB
2024-12-26 19:34:05 [info]: Request Body: {}
2024-12-26 20:01:47 [info]: Server running on port 5000....
2024-12-26 20:01:48 [info]: connected to MongoDB
2024-12-26 20:01:53 [info]: Request Body: {}
2024-12-26 20:01:54 [info]: Response Body: undefined
2024-12-26 20:07:34 [info]: Server running on port 5000....
2024-12-26 20:07:34 [info]: connected to MongoDB
2024-12-26 20:07:37 [info]: Request Body: {}
2024-12-26 20:08:24 [info]: Server running on port 5000....
2024-12-26 20:08:25 [info]: connected to MongoDB
2024-12-26 20:08:28 [info]: Request Body: {}
2024-12-26 20:08:28 [info]: Response Body: undefined
2024-12-26 20:08:35 [info]: Server running on port 5000....
2024-12-26 20:08:36 [info]: connected to MongoDB
2024-12-26 20:08:37 [info]: Request Body: {}
2024-12-26 20:08:37 [info]: Response Body: undefined
2024-12-26 20:08:58 [info]: Server running on port 5000....
2024-12-26 20:08:59 [info]: Request Body: {}
2024-12-26 20:09:00 [info]: connected to MongoDB
2024-12-26 20:09:00 [info]: Response Body: undefined
2024-12-26 20:09:07 [info]: Server running on port 5000....
2024-12-26 20:09:07 [info]: connected to MongoDB
2024-12-26 20:09:32 [info]: Server running on port 5000....
2024-12-26 20:09:33 [info]: connected to MongoDB
2024-12-26 20:09:35 [info]: Server running on port 5000....
2024-12-26 20:09:37 [info]: Request Body: {}
2024-12-26 20:09:38 [info]: connected to MongoDB
2024-12-26 20:09:38 [info]: Response Body: undefined
2024-12-26 20:09:53 [info]: Server running on port 5000....
2024-12-26 20:09:54 [info]: connected to MongoDB
2024-12-26 20:09:55 [info]: Request Body: {}
2024-12-26 20:09:55 [info]: Response Body: undefined
2024-12-26 20:10:08 [info]: Server running on port 5000....
2024-12-26 20:10:09 [info]: connected to MongoDB
2024-12-26 20:10:09 [info]: Request Body: {}
2024-12-26 20:10:09 [info]: Response Body: undefined
2024-12-26 20:18:44 [info]: Server running on port 5000....
2024-12-26 20:18:45 [info]: connected to MongoDB
2024-12-26 20:18:50 [info]: Request Body: {}
2024-12-26 20:18:50 [info]: Response Body: undefined
2024-12-26 20:19:04 [info]: Server running on port 5000....
2024-12-26 20:19:04 [info]: connected to MongoDB
2024-12-26 20:19:05 [info]: Request Body: {}
2024-12-26 20:19:05 [info]: Response Body: undefined
2024-12-26 20:19:28 [info]: Server running on port 5000....
2024-12-26 20:19:29 [info]: connected to MongoDB
2024-12-26 20:19:36 [info]: Request Body: {}
2024-12-26 20:19:36 [info]: Response Body: undefined
2024-12-26 20:19:51 [info]: Server running on port 5000....
2024-12-26 20:19:51 [info]: connected to MongoDB
2024-12-26 20:19:52 [info]: Request Body: {}
2024-12-26 20:19:52 [info]: Response Body: undefined
2024-12-26 20:23:07 [info]: Server running on port 5000....
2024-12-26 20:23:08 [info]: connected to MongoDB
2024-12-26 20:23:27 [info]: Request Body: {}
2024-12-26 20:23:27 [info]: Response Body: undefined
2024-12-26 20:25:25 [info]: Server running on port 5000....
2024-12-26 20:25:26 [info]: connected to MongoDB
2024-12-26 20:25:28 [info]: Server running on port 5000....
2024-12-26 20:25:29 [info]: connected to MongoDB
2024-12-26 20:26:01 [info]: Request Body: {}
2024-12-26 20:26:18 [info]: Server running on port 5000....
2024-12-26 20:26:19 [info]: connected to MongoDB
2024-12-26 20:26:20 [info]: Server running on port 5000....
2024-12-26 20:26:21 [info]: connected to MongoDB
2024-12-26 20:26:21 [info]: Request Body: {}
2024-12-26 20:27:43 [info]: Server running on port 5000....
2024-12-26 20:27:43 [info]: connected to MongoDB
2024-12-26 20:30:01 [info]: Request Body: {}
2024-12-26 20:30:32 [info]: Server running on port 5000....
2024-12-26 20:30:34 [info]: Server running on port 5000....
2024-12-26 20:30:35 [info]: connected to MongoDB
2024-12-26 20:30:36 [info]: Server running on port 5000....
2024-12-26 20:30:37 [info]: connected to MongoDB
2024-12-26 20:30:38 [info]: Request Body: {}
2024-12-26 20:31:28 [info]: Server running on port 5000....
2024-12-26 20:31:28 [info]: connected to MongoDB
2024-12-26 20:31:33 [info]: Server running on port 5000....
2024-12-26 20:31:34 [info]: connected to MongoDB
2024-12-26 20:31:34 [info]: Request Body: {}
2024-12-26 20:32:39 [info]: Server running on port 5000....
2024-12-26 20:32:40 [info]: connected to MongoDB
2024-12-26 20:32:41 [info]: Request Body: {}
2024-12-26 20:35:23 [info]: Server running on port 5000....
2024-12-26 20:35:23 [info]: connected to MongoDB
2024-12-26 20:35:24 [info]: Request Body: {}
2024-12-26 20:35:36 [info]: Server running on port 5000....
2024-12-26 20:35:37 [info]: connected to MongoDB
2024-12-26 20:35:44 [info]: Server running on port 5000....
2024-12-26 20:35:45 [info]: connected to MongoDB
2024-12-26 20:35:46 [info]: Request Body: {}
2024-12-26 20:38:51 [info]: Server running on port 5000....
2024-12-26 20:38:52 [info]: connected to MongoDB
2024-12-26 20:38:53 [info]: Server running on port 5000....
2024-12-26 20:38:53 [info]: connected to MongoDB
2024-12-26 20:39:17 [info]: Server running on port 5000....
2024-12-26 20:39:18 [info]: connected to MongoDB
2024-12-26 20:39:20 [info]: Request Body: {}
2024-12-26 20:39:30 [info]: Request Body: {}
2024-12-26 20:39:39 [info]: Server running on port 5000....
2024-12-26 20:39:40 [info]: connected to MongoDB
2024-12-26 20:39:44 [info]: Server running on port 5000....
2024-12-26 20:39:45 [info]: connected to MongoDB
2024-12-26 20:39:46 [info]: Request Body: {}
2024-12-26 20:40:01 [info]: Server running on port 5000....
2024-12-26 20:40:02 [info]: connected to MongoDB
2024-12-26 20:40:02 [info]: Request Body: {}
2024-12-26 20:40:13 [info]: Server running on port 5000....
2024-12-26 20:40:13 [info]: connected to MongoDB
2024-12-26 20:40:14 [info]: Request Body: {}
2024-12-26 20:41:19 [info]: Server running on port 5000....
2024-12-26 20:41:19 [info]: connected to MongoDB
2024-12-26 20:41:21 [info]: Request Body: {}
2024-12-26 20:41:30 [info]: Server running on port 5000....
2024-12-26 20:41:30 [info]: connected to MongoDB
2024-12-26 20:41:31 [info]: Server running on port 5000....
2024-12-26 20:41:31 [info]: connected to MongoDB
2024-12-26 20:43:51 [info]: Server running on port 5000....
2024-12-26 20:43:51 [info]: connected to MongoDB
2024-12-26 20:43:54 [info]: Server running on port 5000....
2024-12-26 20:43:55 [info]: connected to MongoDB
2024-12-26 20:43:58 [info]: Server running on port 5000....
2024-12-26 20:43:58 [info]: connected to MongoDB
2024-12-26 20:44:05 [info]: Server running on port 5000....
2024-12-26 20:44:06 [info]: connected to MongoDB
2024-12-26 20:44:07 [info]: Request Body: {}
2024-12-26 20:44:07 [info]: {
  _id: new ObjectId('676d3528f57a5c3a436eab51'),
  title: 'first blog',
  description: 'first blog',
  date: 2024-12-26T10:51:20.746Z
},{
  _id: new ObjectId('676d3580c70498763d6f32fc'),
  title: 'first blog',
  description: 'first blog',
  date: 2024-12-26T10:52:48.072Z
},{
  _id: new ObjectId('676d35a20361030d6a589f90'),
  title: 'first blog',
  description: 'first blog',
  date: 2024-12-26T10:53:22.211Z
},{
  _id: new ObjectId('676d365aa818ff6e65c1f217'),
  title: 'first blog',
  description: 'first blog',
  date: 2024-12-26T10:56:26.544Z
},{
  _id: new ObjectId('676d36943b5d0bbc86568178'),
  title: 'first blog',
  description: 'first blog',
  date: 2024-12-26T10:57:24.825Z
},{
  _id: new ObjectId('676d3759a9ee26cac8282c3e'),
  title: 'first blog',
  description: 'first blog',
  date: 2024-12-26T11:00:41.290Z
}
2024-12-26 20:44:31 [info]: Server running on port 5000....
2024-12-26 20:44:32 [info]: connected to MongoDB
2024-12-26 20:44:34 [info]: Server running on port 5000....
2024-12-26 20:44:34 [info]: connected to MongoDB
2024-12-26 20:44:59 [info]: Server running on port 5000....
2024-12-26 20:44:59 [info]: connected to MongoDB
2024-12-26 20:45:06 [info]: Server running on port 5000....
2024-12-26 20:45:07 [info]: connected to MongoDB
2024-12-26 20:45:09 [info]: Server running on port 5000....
2024-12-26 20:45:09 [info]: connected to MongoDB
2024-12-26 20:45:13 [info]: Server running on port 5000....
2024-12-26 20:45:14 [info]: connected to MongoDB
2024-12-26 20:45:33 [info]: Server running on port 5000....
2024-12-26 20:45:34 [info]: connected to MongoDB
2024-12-26 20:45:44 [info]: Server running on port 5000....
2024-12-26 20:45:45 [info]: Server running on port 5000....
2024-12-26 20:45:46 [info]: connected to MongoDB
2024-12-26 20:45:58 [info]: Server running on port 5000....
2024-12-26 20:45:59 [info]: connected to MongoDB
2024-12-26 20:46:13 [info]: Server running on port 5000....
2024-12-26 20:46:13 [info]: connected to MongoDB
2024-12-26 20:46:17 [info]: Server running on port 5000....
2024-12-26 20:46:18 [info]: connected to MongoDB
2024-12-26 20:46:20 [info]: Server running on port 5000....
2024-12-26 20:46:21 [info]: connected to MongoDB
2024-12-26 20:46:24 [info]: Server running on port 5000....
2024-12-26 20:46:25 [info]: connected to MongoDB
2024-12-26 20:46:31 [info]: Server running on port 5000....
2024-12-26 20:46:31 [info]: connected to MongoDB
2024-12-26 20:46:47 [info]: Server running on port 5000....
2024-12-26 20:46:48 [info]: connected to MongoDB
2024-12-26 20:47:03 [info]: Server running on port 5000....
2024-12-26 20:47:03 [info]: connected to MongoDB
2024-12-26 20:47:09 [info]: Server running on port 5000....
2024-12-26 20:47:10 [info]: connected to MongoDB
2024-12-26 20:47:12 [info]: Request Body: {}
2024-12-26 20:47:12 [info]: [object Object]
2024-12-26 20:47:33 [info]: Server running on port 5000....
2024-12-26 20:47:33 [info]: connected to MongoDB
2024-12-26 20:47:34 [info]: Request Body: {}
2024-12-26 20:47:34 [info]: {"responseBody":[{"_id":"676d3528f57a5c3a436eab51","title":"first blog","description":"first blog","date":"2024-12-26T10:51:20.746Z"},{"_id":"676d3580c70498763d6f32fc","title":"first blog","description":"first blog","date":"2024-12-26T10:52:48.072Z"},{"_id":"676d35a20361030d6a589f90","title":"first blog","description":"first blog","date":"2024-12-26T10:53:22.211Z"},{"_id":"676d365aa818ff6e65c1f217","title":"first blog","description":"first blog","date":"2024-12-26T10:56:26.544Z"},{"_id":"676d36943b5d0bbc86568178","title":"first blog","description":"first blog","date":"2024-12-26T10:57:24.825Z"},{"_id":"676d3759a9ee26cac8282c3e","title":"first blog","description":"first blog","date":"2024-12-26T11:00:41.290Z"}],"statusCode":200}
2024-12-26 20:48:12 [info]: Server running on port 5000....
2024-12-26 20:48:14 [info]: connected to MongoDB
2024-12-26 20:48:17 [info]: Server running on port 5000....
2024-12-26 20:48:19 [info]: Server running on port 5000....
2024-12-26 20:48:20 [info]: connected to MongoDB
2024-12-26 20:48:40 [info]: Server running on port 5000....
2024-12-26 20:48:41 [info]: connected to MongoDB
2024-12-26 20:48:51 [info]: Server running on port 5000....
2024-12-26 20:48:51 [info]: connected to MongoDB
2024-12-26 20:48:55 [info]: Server running on port 5000....
2024-12-26 20:48:55 [info]: connected to MongoDB
2024-12-26 20:49:36 [info]: Server running on port 5000....
2024-12-26 20:49:36 [info]: connected to MongoDB
2024-12-26 20:49:42 [info]: Server running on port 5000....
2024-12-26 20:49:43 [info]: connected to MongoDB
2024-12-26 20:49:54 [info]: Server running on port 5000....
2024-12-26 20:49:54 [info]: connected to MongoDB
2024-12-26 20:49:55 [info]: Server running on port 5000....
2024-12-26 20:49:56 [info]: connected to MongoDB
2024-12-26 20:50:58 [info]: Server running on port 5000....
2024-12-26 20:50:58 [info]: connected to MongoDB
2024-12-26 20:51:13 [info]: Server running on port 5000....
2024-12-26 20:51:14 [info]: connected to MongoDB
2024-12-26 20:51:16 [info]: Server running on port 5000....
2024-12-26 20:51:16 [info]: connected to MongoDB
2024-12-26 20:51:31 [info]: Server running on port 5000....
2024-12-26 20:51:33 [info]: connected to MongoDB
2024-12-26 20:51:40 [info]: Server running on port 5000....
2024-12-26 20:51:40 [info]: connected to MongoDB
2024-12-26 20:51:52 [info]: Server running on port 5000....
2024-12-26 20:51:53 [info]: Server running on port 5000....
2024-12-26 20:51:54 [info]: connected to MongoDB
2024-12-26 20:52:05 [info]: Server running on port 5000....
2024-12-26 20:52:06 [info]: Server running on port 5000....
2024-12-26 20:52:07 [info]: connected to MongoDB
2024-12-26 20:52:08 [info]: Server running on port 5000....
2024-12-26 20:52:09 [info]: connected to MongoDB
2024-12-26 20:52:15 [info]: Server running on port 5000....
2024-12-26 20:52:17 [info]: connected to MongoDB
2024-12-26 20:52:21 [info]: Server running on port 5000....
2024-12-26 20:52:21 [info]: connected to MongoDB
2024-12-26 20:52:22 [info]: Server running on port 5000....
2024-12-26 20:52:22 [info]: connected to MongoDB
2024-12-26 20:52:26 [info]: Server running on port 5000....
2024-12-26 20:52:26 [info]: connected to MongoDB
2024-12-26 20:52:31 [info]: Server running on port 5000....
2024-12-26 20:52:31 [info]: connected to MongoDB
2024-12-26 20:52:34 [info]: Server running on port 5000....
2024-12-26 20:52:35 [info]: connected to MongoDB
2024-12-26 20:52:42 [info]: Server running on port 5000....
2024-12-26 20:52:43 [info]: connected to MongoDB
2024-12-26 20:52:44 [info]: Server running on port 5000....
2024-12-26 20:52:45 [info]: connected to MongoDB
2024-12-26 20:52:53 [info]: Server running on port 5000....
2024-12-26 20:52:54 [info]: connected to MongoDB
2024-12-26 20:52:55 [info]: Server running on port 5000....
2024-12-26 20:53:01 [info]: connected to MongoDB
2024-12-26 20:53:14 [info]: Server running on port 5000....
2024-12-26 20:53:14 [info]: connected to MongoDB
2024-12-26 20:53:16 [info]: Server running on port 5000....
2024-12-26 20:53:18 [info]: connected to MongoDB
2024-12-26 20:53:19 [info]: Server running on port 5000....
2024-12-26 20:53:20 [info]: connected to MongoDB
2024-12-26 20:53:22 [info]: Server running on port 5000....
2024-12-26 20:53:23 [info]: connected to MongoDB
2024-12-26 20:53:31 [info]: Server running on port 5000....
2024-12-26 20:53:32 [info]: connected to MongoDB
2024-12-26 20:53:39 [info]: Server running on port 5000....
2024-12-26 20:53:39 [info]: connected to MongoDB
2024-12-26 20:53:41 [info]: Server running on port 5000....
2024-12-26 20:53:42 [info]: connected to MongoDB
2024-12-26 20:53:51 [info]: Server running on port 5000....
2024-12-26 20:53:51 [info]: connected to MongoDB
2024-12-26 20:54:35 [info]: Server running on port 5000....
2024-12-26 20:54:36 [info]: connected to MongoDB
2024-12-26 20:54:54 [info]: Request Body: {}
2024-12-26 20:54:54 [info]: {"statusCode":200,"message":"successfully deleted"}
2024-12-26 20:55:16 [info]: Server running on port 5000....
2024-12-26 20:55:18 [info]: connected to MongoDB
2024-12-26 20:55:22 [info]: Server running on port 5000....
2024-12-26 20:55:22 [info]: connected to MongoDB
2024-12-26 20:55:40 [info]: Server running on port 5000....
2024-12-26 20:55:41 [info]: connected to MongoDB
2024-12-26 20:56:01 [info]: Server running on port 5000....
2024-12-26 20:56:02 [info]: connected to MongoDB
2024-12-26 20:56:04 [info]: Server running on port 5000....
2024-12-26 20:56:05 [info]: connected to MongoDB
2024-12-26 20:56:10 [info]: Server running on port 5000....
2024-12-26 20:56:10 [info]: connected to MongoDB
2024-12-26 20:56:23 [info]: Server running on port 5000....
2024-12-26 20:56:23 [info]: connected to MongoDB
2024-12-26 20:56:35 [info]: Server running on port 5000....
2024-12-26 20:56:36 [info]: connected to MongoDB
2024-12-26 20:56:37 [info]: Server running on port 5000....
2024-12-26 20:56:37 [info]: connected to MongoDB
2024-12-26 20:56:40 [info]: Server running on port 5000....
2024-12-26 20:56:40 [info]: connected to MongoDB
2024-12-26 20:56:45 [info]: Server running on port 5000....
2024-12-26 20:56:46 [info]: connected to MongoDB
2024-12-26 20:56:48 [info]: Server running on port 5000....
2024-12-26 20:56:49 [info]: connected to MongoDB
2024-12-26 20:57:32 [info]: Request Body: {"title":"hey","description":"first blog"}
2024-12-26 20:57:32 [info]: {"statusCode":200,"respnseBody":{"title":"hey","description":"first blog","date":"2024-12-26T15:27:32.893Z","_id":"676d75e4f8d342a300d3a5d0"}}
2024-12-26 20:57:33 [info]: Request Body: {}
2024-12-26 20:57:33 [info]: {"responseBody":[{"_id":"676d3580c70498763d6f32fc","title":"first blog","description":"first blog","date":"2024-12-26T10:52:48.072Z"},{"_id":"676d35a20361030d6a589f90","title":"first blog","description":"first blog","date":"2024-12-26T10:53:22.211Z"},{"_id":"676d365aa818ff6e65c1f217","title":"first blog","description":"first blog","date":"2024-12-26T10:56:26.544Z"},{"_id":"676d36943b5d0bbc86568178","title":"first blog","description":"first blog","date":"2024-12-26T10:57:24.825Z"},{"_id":"676d3759a9ee26cac8282c3e","title":"first blog","description":"first blog","date":"2024-12-26T11:00:41.290Z"},{"_id":"676d75e4f8d342a300d3a5d0","title":"hey","description":"first blog","date":"2024-12-26T15:27:32.893Z"}],"statusCode":200}
2024-12-26 20:58:18 [info]: Server running on port 5000....
2024-12-26 20:58:18 [info]: connected to MongoDB
2024-12-26 20:58:26 [info]: Request Body: {}
2024-12-26 20:58:26 [info]: {"statusCode":200,"message":"successfully deleted"}
2024-12-26 20:58:26 [info]: Request Body: {}
2024-12-26 20:58:27 [info]: {"responseBody":[{"_id":"676d3580c70498763d6f32fc","title":"first blog","description":"first blog","date":"2024-12-26T10:52:48.072Z"},{"_id":"676d35a20361030d6a589f90","title":"first blog","description":"first blog","date":"2024-12-26T10:53:22.211Z"},{"_id":"676d365aa818ff6e65c1f217","title":"first blog","description":"first blog","date":"2024-12-26T10:56:26.544Z"},{"_id":"676d36943b5d0bbc86568178","title":"first blog","description":"first blog","date":"2024-12-26T10:57:24.825Z"},{"_id":"676d3759a9ee26cac8282c3e","title":"first blog","description":"first blog","date":"2024-12-26T11:00:41.290Z"}],"statusCode":200}
2024-12-26 20:59:15 [info]: Server running on port 5000....
2024-12-26 20:59:16 [info]: connected to MongoDB
2024-12-26 20:59:22 [info]: Server running on port 5000....
2024-12-26 20:59:22 [info]: connected to MongoDB
2024-12-26 20:59:25 [info]: Server running on port 5000....
2024-12-26 20:59:26 [info]: connected to MongoDB
2024-12-26 20:59:29 [info]: Server running on port 5000....
2024-12-26 20:59:30 [info]: connected to MongoDB
2024-12-26 20:59:31 [info]: Request Body: {}
2024-12-26 20:59:31 [info]: {"statusCode":200,"message":"successfully deleted"}
2024-12-26 20:59:31 [info]: Request Body: {}
2024-12-26 20:59:31 [info]: {"responseBody":[{"_id":"676d3580c70498763d6f32fc","title":"first blog","description":"first blog","date":"2024-12-26T10:52:48.072Z"},{"_id":"676d365aa818ff6e65c1f217","title":"first blog","description":"first blog","date":"2024-12-26T10:56:26.544Z"},{"_id":"676d36943b5d0bbc86568178","title":"first blog","description":"first blog","date":"2024-12-26T10:57:24.825Z"},{"_id":"676d3759a9ee26cac8282c3e","title":"first blog","description":"first blog","date":"2024-12-26T11:00:41.290Z"}],"statusCode":200}
2024-12-26 20:59:37 [info]: Request Body: {}
2024-12-26 20:59:37 [info]: {"statusCode":200,"message":"successfully deleted"}
2024-12-26 20:59:37 [info]: Request Body: {}
2024-12-26 20:59:37 [info]: {"responseBody":[{"_id":"676d365aa818ff6e65c1f217","title":"first blog","description":"first blog","date":"2024-12-26T10:56:26.544Z"},{"_id":"676d36943b5d0bbc86568178","title":"first blog","description":"first blog","date":"2024-12-26T10:57:24.825Z"},{"_id":"676d3759a9ee26cac8282c3e","title":"first blog","description":"first blog","date":"2024-12-26T11:00:41.290Z"}],"statusCode":200}
2024-12-26 20:59:38 [info]: Request Body: {}
2024-12-26 20:59:38 [info]: {"statusCode":200,"message":"successfully deleted"}
2024-12-26 20:59:38 [info]: Request Body: {}
2024-12-26 20:59:38 [info]: {"responseBody":[{"_id":"676d36943b5d0bbc86568178","title":"first blog","description":"first blog","date":"2024-12-26T10:57:24.825Z"},{"_id":"676d3759a9ee26cac8282c3e","title":"first blog","description":"first blog","date":"2024-12-26T11:00:41.290Z"}],"statusCode":200}
2024-12-26 20:59:38 [info]: Request Body: {}
2024-12-26 20:59:38 [info]: {"statusCode":200,"message":"successfully deleted"}
2024-12-26 20:59:38 [info]: Request Body: {}
2024-12-26 20:59:38 [info]: {"responseBody":[{"_id":"676d3759a9ee26cac8282c3e","title":"first blog","description":"first blog","date":"2024-12-26T11:00:41.290Z"}],"statusCode":200}
2024-12-26 20:59:39 [info]: Request Body: {}
2024-12-26 20:59:39 [info]: {"statusCode":200,"message":"successfully deleted"}
2024-12-26 20:59:39 [info]: Request Body: {}
2024-12-26 20:59:39 [info]: {"responseBody":[],"statusCode":200}
2024-12-26 21:00:17 [info]: Server running on port 5000....
2024-12-26 21:00:17 [info]: connected to MongoDB
2024-12-26 21:00:28 [info]: Request Body: {"title":"hye","description":"first blog\n"}
2024-12-26 21:00:28 [info]: {"statusCode":200,"respnseBody":{"title":"hye","description":"first blog","date":"2024-12-26T15:30:28.529Z","_id":"676d76948fbf4f23b4231e5e"}}
2024-12-26 21:00:28 [info]: Request Body: {}
2024-12-26 21:00:28 [info]: {"responseBody":[{"_id":"676d76948fbf4f23b4231e5e","title":"hye","description":"first blog","date":"2024-12-26T15:30:28.529Z"}],"statusCode":200}
2024-12-26 21:01:08 [info]: Server running on port 5000....
2024-12-26 21:01:08 [info]: connected to MongoDB
2024-12-26 21:01:11 [info]: Server running on port 5000....
2024-12-26 21:01:12 [info]: connected to MongoDB
2024-12-26 21:01:13 [info]: Server running on port 5000....
2024-12-26 21:01:14 [info]: connected to MongoDB
2024-12-26 21:01:14 [info]: Server running on port 5000....
2024-12-26 21:01:16 [info]: connected to MongoDB
2024-12-26 21:01:27 [info]: Request Body: {"title":"second blog","description":"second blog"}
2024-12-26 21:01:27 [info]: {"statusCode":200,"responseBody":{"title":"second blog","description":"second blog","date":"2024-12-26T15:31:27.505Z","_id":"676d76cf020d41f172328e62"}}
2024-12-26 21:01:27 [info]: Request Body: {}
2024-12-26 21:01:27 [info]: {"responseBody":[{"_id":"676d76948fbf4f23b4231e5e","title":"hye","description":"first blog","date":"2024-12-26T15:30:28.529Z"},{"_id":"676d76cf020d41f172328e62","title":"second blog","description":"second blog","date":"2024-12-26T15:31:27.505Z"}],"statusCode":200}
